C51 COMPILER V9.59.0.0   MAIN                                                              09/28/2022 21:08:22 PAGE 1   


C51 COMPILER V9.59.0.0, COMPILATION OF MODULE MAIN
OBJECT MODULE PLACED IN .\Objects\main.obj
COMPILER INVOKED BY: D:\Keil_v5\C51\BIN\C51.EXE main.c OPTIMIZE(8,SPEED) BROWSE DEBUG OBJECTEXTEND PRINT(.\Listings\main
                    -.lst) TABS(2) OBJECT(.\Objects\main.obj)

line level    source

   1          #include <REGX52.H>
   2          #include <INTRINS.H>
   3          
   4          void Delay(unsigned int t)    //@12.000MHz
   5          {
   6   1        unsigned char i, j;
   7   1        while(t > 0)
   8   1        {
   9   2          i = 2;
  10   2          j = 239;
  11   2          do
  12   2          {
  13   3            while (--j);
  14   3          } while (--i);
  15   2          t--;
  16   2        }
  17   1      }
  18          
  19          
  20          void main ()
  21          {
  22   1        
  23   1        while(1)
  24   1        {
  25   2          P2 = 0xFE;
  26   2          Delay(200);
  27   2          P2 = 0xFD;
  28   2          Delay(200);
  29   2          P2 = 0xFB;
  30   2          Delay(200);
  31   2          P2 = 0xF7;
  32   2          Delay(200);
  33   2          P2 = 0xEF;
  34   2          Delay(200);
  35   2          P2 = 0xDF;
  36   2          Delay(200);
  37   2          P2 = 0xBF;
  38   2          Delay(200);
  39   2          P2 = 0x7F;
  40   2          Delay(200);
  41   2        }
  42   1      }
  43          /*void main ()   
  44          {
  45            
  46            while(1)  //liu_shui_deng
  47            {
  48              P2 = 0xFE;
  49              Delay500ms();
  50              P2 = 0xFF;
  51              Delay500ms();
  52            }
  53          }*/
  54          
C51 COMPILER V9.59.0.0   MAIN                                                              09/28/2022 21:08:22 PAGE 2   

  55          
  56          


MODULE INFORMATION:   STATIC OVERLAYABLE
   CODE SIZE        =     79    ----
   CONSTANT SIZE    =   ----    ----
   XDATA SIZE       =   ----    ----
   PDATA SIZE       =   ----    ----
   DATA SIZE        =   ----    ----
   IDATA SIZE       =   ----    ----
   BIT SIZE         =   ----    ----
END OF MODULE INFORMATION.


C51 COMPILATION COMPLETE.  0 WARNING(S),  0 ERROR(S)
