C51 COMPILER V9.59.0.0   MAIN                                                              09/29/2022 15:54:25 PAGE 1   


C51 COMPILER V9.59.0.0, COMPILATION OF MODULE MAIN
OBJECT MODULE PLACED IN .\Objects\main.obj
COMPILER INVOKED BY: D:\Keil_v5\C51\BIN\C51.EXE main.c OPTIMIZE(8,SPEED) BROWSE DEBUG OBJECTEXTEND PRINT(.\Listings\main
                    -.lst) TABS(2) OBJECT(.\Objects\main.obj)

line level    source

   1          #include <REGX51.H>
   2          
   3          void Delay(unsigned int t);   //延时函数
   4          
   5          void main()
   6          {
   7   1        
   8   1      
   9   1        //按钮控制LED灯，按12345678顺序亮
  10   1        unsigned int i = 0;
  11   1        while(1)
  12   1        {
  13   2          if(P3_1 == 0)
  14   2          {
  15   3            Delay(20);
  16   3            while(P3_1 == 0);
  17   3            Delay(20);
  18   3            if(i >= 8)
  19   3              i = 0;
  20   3            P2 = ~(0x01<<i);
  21   3            i++;
  22   3          }
  23   2          if(P3_0 == 0)
  24   2          {
  25   3            Delay(20);
  26   3            while(P3_0 == 0);
  27   3            Delay(20);
  28   3            
  29   3            if(i <= 0)
  30   3            {
  31   4              P2 = ~(0x01<<i);
  32   4              i = 8;
  33   4            }
  34   3            else
  35   3            {
  36   4              i--;
  37   4              P2 = ~(0x01<<i);
  38   4            }
  39   3            
  40   3          }
  41   2        }
  42   1        
  43   1        
  44   1        /*while(1){
  45   1          P2_0 = 0;
  46   1          Delay(500);
  47   1          P2_0 = 1;
  48   1          Delay(500);
  49   1        }*/
  50   1        
  51   1        
  52   1        //按钮控制LED灯
  53   1        /*while(1){
  54   1          unsigned char ledNum;
C51 COMPILER V9.59.0.0   MAIN                                                              09/29/2022 15:54:25 PAGE 2   

  55   1          if(P3_1 == 0)
  56   1          {
  57   1            Delay(20);
  58   1            while(P3_1 == 0);
  59   1            Delay(20);
  60   1            ledNum++;
  61   1            P2 = ~ledNum;
  62   1          }
  63   1        }*/
  64   1      }
  65          void Delay(unsigned int t)    //延时函数
  66          {
  67   1        
  68   1        unsigned char i, j;
  69   1        while(t){
  70   2          i = 2;
  71   2          j = 239;
  72   2          do
  73   2          {
  74   3            while (--j);
  75   3          } while (--i);
  76   2          t--;
  77   2        }
  78   1      
  79   1        
  80   1      }


MODULE INFORMATION:   STATIC OVERLAYABLE
   CODE SIZE        =    155    ----
   CONSTANT SIZE    =   ----    ----
   XDATA SIZE       =   ----    ----
   PDATA SIZE       =   ----    ----
   DATA SIZE        =   ----       2
   IDATA SIZE       =   ----    ----
   BIT SIZE         =   ----    ----
END OF MODULE INFORMATION.


C51 COMPILATION COMPLETE.  0 WARNING(S),  0 ERROR(S)
