C51 COMPILER V9.59.0.0   MAIN                                                              10/23/2022 19:58:52 PAGE 1   


C51 COMPILER V9.59.0.0, COMPILATION OF MODULE MAIN
OBJECT MODULE PLACED IN .\Objects\main.obj
COMPILER INVOKED BY: D:\Keil_v5\C51\BIN\C51.EXE main.c OPTIMIZE(8,SPEED) BROWSE DEBUG OBJECTEXTEND PRINT(.\Listings\main
                    -.lst) OBJECT(.\Objects\main.obj)

line level    source

   1          #include <REGX52.H>
   2          
   3          sbit LED = P2^0;
   4          
   5          void Delay(unsigned char time)
   6          {
   7   1              while(time--);
   8   1      }
   9          
  10          void main(){
  11   1              unsigned char i,j;
  12   1              while(1){
  13   2                      for(i=0;i<100;i++)
  14   2                      {
  15   3                              for(j=0;j<20;j++)
  16   3                              {
  17   4                                      LED = 0;
  18   4                                      Delay(i);
  19   4                                      LED = 1;
  20   4                                      Delay(100-i);
  21   4                              }
  22   3                              
  23   3                      }
  24   2                      for(i=100;i>0;i--)
  25   2                      {
  26   3                              for(j=0;j<20;j++)
  27   3                              {
  28   4                                      LED = 0;
  29   4                                      Delay(i);
  30   4                                      LED = 1;
  31   4                                      Delay(100-i);
  32   4                              }
  33   3                              
  34   3                      }
  35   2              }
  36   1      }


MODULE INFORMATION:   STATIC OVERLAYABLE
   CODE SIZE        =     87    ----
   CONSTANT SIZE    =   ----    ----
   XDATA SIZE       =   ----    ----
   PDATA SIZE       =   ----    ----
   DATA SIZE        =   ----    ----
   IDATA SIZE       =   ----    ----
   BIT SIZE         =   ----    ----
END OF MODULE INFORMATION.


C51 COMPILATION COMPLETE.  0 WARNING(S),  0 ERROR(S)
