C51 COMPILER V9.59.0.0   MAIN                                                              10/24/2022 22:08:08 PAGE 1   


C51 COMPILER V9.59.0.0, COMPILATION OF MODULE MAIN
OBJECT MODULE PLACED IN .\Objects\main.obj
COMPILER INVOKED BY: D:\Keil_v5\C51\BIN\C51.EXE main.c OPTIMIZE(8,SPEED) BROWSE DEBUG OBJECTEXTEND PRINT(.\Listings\main
                    -.lst) OBJECT(.\Objects\main.obj)

line level    source

   1          #include <REGX52.H>
   2          #include "Motor.h"
   3          #include "IR.h"
   4          #include "Shu.h"
   5          
   6          unsigned char Command,Speed;
   7          
   8          void main(){
   9   1              Motor_Initn();
  10   1              IR_Init();
  11   1              while(1){
  12   2                      if(IR_GetDataFlag())
  13   2                      {
  14   3                              Command = IR_GetCommand();
  15   3                              if(Command == IR_0){Speed=0;}
  16   3                              if(Command == IR_1){Speed=1;}
  17   3                              if(Command == IR_2){Speed=2;}
  18   3                              if(Command == IR_3){Speed=3;}
  19   3              
  20   3                              if(Speed==0){Motor_SetSpeed(0);}
  21   3                              if(Speed==1){Motor_SetSpeed(50);}
  22   3                              if(Speed==2){Motor_SetSpeed(75);}
  23   3                              if(Speed==3){Motor_SetSpeed(100);}
  24   3                      }
  25   2                      Shu(1,Speed);
  26   2              }
  27   1      }
  28          


MODULE INFORMATION:   STATIC OVERLAYABLE
   CODE SIZE        =    106    ----
   CONSTANT SIZE    =   ----    ----
   XDATA SIZE       =   ----    ----
   PDATA SIZE       =   ----    ----
   DATA SIZE        =      2    ----
   IDATA SIZE       =   ----    ----
   BIT SIZE         =   ----    ----
END OF MODULE INFORMATION.


C51 COMPILATION COMPLETE.  0 WARNING(S),  0 ERROR(S)
