C51 COMPILER V9.01   164MODE0                                                              05/06/2019 17:20:20 PAGE 1   


C51 COMPILER V9.01, COMPILATION OF MODULE 164MODE0
OBJECT MODULE PLACED IN 164mode0.OBJ
COMPILER INVOKED BY: D:\Program Files (x86)\Labcenter Electronics\Keil\C51\BIN\C51.EXE 164mode0.c BROWSE DEBUG OBJECTEXT
                    -END

line level    source

   1           #include"at89x52.h"
   2           unsigned char nSendByte;
   3           void delay(unsigned int i)
   4           {
   5   1               unsigned char j;
   6   1               for(;i>0;i--)
   7   1               for(j=0;j<125;j++)
   8   1               ;
   9   1       }
  10           void main()
  11           {
  12   1              SCON=0x00;
  13   1              EA=1;
  14   1              ES=1;
  15   1              nSendByte=1;
  16   1              SBUF=nSendByte;           //启动串口
  17   1              P1_0=0;                          //允许串口发送数据至74LS164
  18   1              while(1)
  19   1              {;}
  20   1       }
  21           void  SPort() interrupt 4 using 0
  22           {
  23   1              if(TI)                           //一个字符串发送完毕
  24   1              {
  25   2              P1_0=1;                         //允许74LS164并行输出
  26   2              SBUF=nSendByte;
  27   2              delay(500);
  28   2              P1_0=0;
  29   2              nSendByte=nSendByte<<1;
  30   2              if(nSendByte==0)nSendByte=1;
  31   2              SBUF=nSendByte;
  32   2              }
  33   1              TI=0;
  34   1              RI=0;
  35   1       }


MODULE INFORMATION:   STATIC OVERLAYABLE
   CODE SIZE        =     87    ----
   CONSTANT SIZE    =   ----    ----
   XDATA SIZE       =   ----    ----
   PDATA SIZE       =   ----    ----
   DATA SIZE        =      1    ----
   IDATA SIZE       =   ----    ----
   BIT SIZE         =   ----    ----
END OF MODULE INFORMATION.


C51 COMPILATION COMPLETE.  0 WARNING(S),  0 ERROR(S)
