C51 COMPILER V9.59.0.0   MAIN                                                              10/03/2022 17:04:22 PAGE 1   


C51 COMPILER V9.59.0.0, COMPILATION OF MODULE MAIN
OBJECT MODULE PLACED IN .\Objects\main.obj
COMPILER INVOKED BY: D:\Keil_v5\C51\BIN\C51.EXE main.c OPTIMIZE(8,SPEED) BROWSE DEBUG OBJECTEXTEND PRINT(.\Listings\main
                    -.lst) OBJECT(.\Objects\main.obj)

line level    source

   1          #include <REGX52.H>
   2          #include "Delay.h"
   3          #include "LCD1602.h"
   4          #include "MatrixKey.h"
   5          
   6          unsigned char KeyNum;
   7          unsigned int PassWord,count;
   8          
   9          void main(){
  10   1              LCD_Init();
  11   1              LCD_ShowString(1,1,"PassWord:");
  12   1              while(1){
  13   2                      KeyNum = MatrixKey();
  14   2                      if(KeyNum!=0){
  15   3                              if(KeyNum <= 10 && count <4){ //按键读取有效范围 1~10，并判断是否超出四位
  16   4                                      PassWord =PassWord * 10;//密码左移
  17   4                                      PassWord =PassWord+KeyNum%10;//获取新一位密码
  18   4                                      LCD_ShowNum(2,1,PassWord,4);
  19   4                                      count++;//计数
  20   4                              }
  21   3                              if(KeyNum == 11){//如果按下S11，确定
  22   4                                      if(PassWord == 2345){//验证密码
  23   5                                              LCD_ShowString(1,14,"OK ");
  24   5                                              //清零
  25   5                                              PassWord = 0;
  26   5                                              count = 0;
  27   5                                              LCD_ShowNum(2,1,PassWord,4);
  28   5                                      }else{
  29   5                                              LCD_ShowString(1,14,"ERR");
  30   5                                              PassWord = 0;
  31   5                                              count = 0;
  32   5                                              LCD_ShowNum(2,1,PassWord,4);
  33   5                                      }
  34   4                              }
  35   3                              if(KeyNum == 12){//如果按下S12，取消
  36   4                                      //清零
  37   4                                      PassWord = 0;
  38   4                                      count = 0;
  39   4                                      LCD_ShowNum(2,1,PassWord,4);
  40   4                              }
  41   3                      }               
  42   2              }
  43   1      }


MODULE INFORMATION:   STATIC OVERLAYABLE
   CODE SIZE        =    191    ----
   CONSTANT SIZE    =     18    ----
   XDATA SIZE       =   ----    ----
   PDATA SIZE       =   ----    ----
   DATA SIZE        =      5    ----
   IDATA SIZE       =   ----    ----
   BIT SIZE         =   ----    ----
END OF MODULE INFORMATION.

C51 COMPILER V9.59.0.0   MAIN                                                              10/03/2022 17:04:22 PAGE 2   


C51 COMPILATION COMPLETE.  0 WARNING(S),  0 ERROR(S)
