C51 COMPILER V9.59.0.0   MAIN1                                                             09/25/2022 21:24:04 PAGE 1   


C51 COMPILER V9.59.0.0, COMPILATION OF MODULE MAIN1
OBJECT MODULE PLACED IN .\Objects\main1.obj
COMPILER INVOKED BY: D:\Keil_v5\C51\BIN\C51.EXE main1.c OPTIMIZE(8,SPEED) BROWSE DEBUG OBJECTEXTEND PRINT(.\Listings\mai
                    -n1.lst) TABS(2) OBJECT(.\Objects\main1.obj)

line level    source

   1          #include <reg51.h>
   2          #define uchar unsigned char
   3          void delay( )
   4          {
   5   1      uchar i,j;
   6   1      for(i=0;i<255;i++)
   7   1      for(j=0;j<255;j++);
   8   1      }
   9          void main( )
  10          {
  11   1             while(1)
  12   1      {
  13   2      uchar temp;
  14   2      P1=0xff;
  15   2      temp=P1&0xf0;
  16   2      temp=temp>>4;
  17   2      P1=temp;
  18   2      delay( );
  19   2      }
  20   1      }


MODULE INFORMATION:   STATIC OVERLAYABLE
   CODE SIZE        =     52    ----
   CONSTANT SIZE    =   ----    ----
   XDATA SIZE       =   ----    ----
   PDATA SIZE       =   ----    ----
   DATA SIZE        =   ----       1
   IDATA SIZE       =   ----    ----
   BIT SIZE         =   ----    ----
END OF MODULE INFORMATION.


C51 COMPILATION COMPLETE.  0 WARNING(S),  0 ERROR(S)
