C51 COMPILER V9.59.0.0   TIMER0                                                            10/23/2022 20:13:53 PAGE 1   


C51 COMPILER V9.59.0.0, COMPILATION OF MODULE TIMER0
OBJECT MODULE PLACED IN .\Objects\Timer0.obj
COMPILER INVOKED BY: D:\Keil_v5\C51\BIN\C51.EXE Timer0.c OPTIMIZE(8,SPEED) BROWSE DEBUG OBJECTEXTEND PRINT(.\Listings\Ti
                    -mer0.lst) OBJECT(.\Objects\Timer0.obj)

line level    source

   1          #include <REGX52.H>
   2          
   3          void Timer0_Init(void)          //100微秒@11.0592MHz
   4          {
   5   1              TMOD &= 0xF0;           //设置定时器模式
   6   1              TL0 = 0xAE;             //设置定时初值
   7   1              TH0 = 0xFB;             //设置定时初值
   8   1              TF0 = 0;                //清除TF0标志
   9   1              TR0 = 1;                //定时器0开始计时
  10   1              ET0 = 1;
  11   1              EA = 1;
  12   1              PT0 = 0;
  13   1      }
  14          
  15          /* 定时器中断函数模板
  16          void Timer0_Routine() interrupt 1
  17          {
  18                  static unsigned int count0 = 0;
  19                  TL0 = 0xAE;             //设置定时初值
  20                  TH0 = 0xFB;             //设置定时初值
  21                  count0++;
  22                  if(count0 == 1000){
  23                          count0 = 0;
  24                  }
  25                          
  26          }
  27          */


MODULE INFORMATION:   STATIC OVERLAYABLE
   CODE SIZE        =     20    ----
   CONSTANT SIZE    =   ----    ----
   XDATA SIZE       =   ----    ----
   PDATA SIZE       =   ----    ----
   DATA SIZE        =   ----    ----
   IDATA SIZE       =   ----    ----
   BIT SIZE         =   ----    ----
END OF MODULE INFORMATION.


C51 COMPILATION COMPLETE.  0 WARNING(S),  0 ERROR(S)
