C51 COMPILER V9.59.0.0   MAIN                                                              10/08/2022 13:04:54 PAGE 1   


C51 COMPILER V9.59.0.0, COMPILATION OF MODULE MAIN
OBJECT MODULE PLACED IN .\Objects\main.obj
COMPILER INVOKED BY: D:\Keil_v5\C51\BIN\C51.EXE main.c OPTIMIZE(8,SPEED) BROWSE DEBUG OBJECTEXTEND PRINT(.\Listings\main
                    -.lst) OBJECT(.\Objects\main.obj)

line level    source

   1          #include <REGX52.H>
   2          #include "Delay.h"
   3          #include "Timer0.h"
   4          #include "Key.h"
   5          
   6          unsigned char Number[] = {0x3F,0x06,0x5B,0x4F,0x66,0x6D,0x7D,0x07,0x7F,0x6F};
   7          unsigned char sec,flag,keynum;
   8          
   9          void Shu(unsigned char location, number){
  10   1              switch(location){
  11   2                      case 1 : P2_4 = 1; P2_3 = 1; P2_2 = 1; break;
  12   2                      case 2 : P2_4 = 1; P2_3 = 1; P2_2 = 0; break;
  13   2                      case 3 : P2_4 = 1; P2_3 = 0; P2_2 = 1; break;
  14   2                      case 4 : P2_4 = 1; P2_3 = 0; P2_2 = 0; break;
  15   2                      case 5 : P2_4 = 0; P2_3 = 1; P2_2 = 1; break;
  16   2                      case 6 : P2_4 = 0; P2_3 = 1; P2_2 = 0; break;
  17   2                      case 7 : P2_4 = 0; P2_3 = 0; P2_2 = 1; break;
  18   2                      case 8 : P2_4 = 0; P2_3 = 0; P2_2 = 0; break;
  19   2              }
  20   1              P0=Number[number];
  21   1              Delay(1);//消影
  22   1              P0=0x00;
  23   1      }
  24          
  25          void main(){
  26   1              Timer0_Init();
  27   1              flag = 0;
  28   1              while(1){
  29   2                      keynum =  Key();
  30   2                      if(keynum==1) flag = 1; //开始
  31   2                      if(keynum==2) sec = 0;  //清零
  32   2                      if(keynum==3) flag = 0; //暂停
  33   2                      if(keynum==4) break;    //重新开始
  34   2                      Shu(1,sec/10);
  35   2                      Shu(2,sec%10);
  36   2              }
  37   1      }
  38          
  39          void Timer0_Routine() interrupt 1
  40          {
  41   1              static unsigned int count0 = 0;
  42   1              TL0 = 0x18;             //设置定时初值
  43   1              TH0 = 0xFC;             //设置定时初值
  44   1              if(flag == 1){
  45   2                      count0++;
  46   2                      if(count0 == 1000){
  47   3                              count0 = 0;
  48   3                              sec++;
  49   3                              if(sec == 60)
  50   3                                      sec =0;
  51   3                      }
  52   2              }
  53   1              
  54   1                      
C51 COMPILER V9.59.0.0   MAIN                                                              10/08/2022 13:04:54 PAGE 2   

  55   1      }
  56          


MODULE INFORMATION:   STATIC OVERLAYABLE
   CODE SIZE        =    238    ----
   CONSTANT SIZE    =   ----    ----
   XDATA SIZE       =   ----    ----
   PDATA SIZE       =   ----    ----
   DATA SIZE        =     15    ----
   IDATA SIZE       =   ----    ----
   BIT SIZE         =   ----    ----
END OF MODULE INFORMATION.


C51 COMPILATION COMPLETE.  0 WARNING(S),  0 ERROR(S)
