C51 COMPILER V9.59.0.0   MAIN                                                              10/08/2022 16:54:25 PAGE 1   


C51 COMPILER V9.59.0.0, COMPILATION OF MODULE MAIN
OBJECT MODULE PLACED IN .\Objects\main.obj
COMPILER INVOKED BY: D:\Keil_v5\C51\BIN\C51.EXE main.c OPTIMIZE(8,SPEED) BROWSE DEBUG OBJECTEXTEND PRINT(.\Listings\main
                    -.lst) OBJECT(.\Objects\main.obj)

line level    source

   1          #include <REGX51.H>
   2          #include "Key.h"
   3          #include "Delay.h"
   4          
   5          unsigned char Number[] = {0x3F,0x06,0x5B,0x4F,0x66,0x6D,0x7D,0x07,0x7F,0x6F};
   6          void Shu(unsigned char location, number);//数码管调用函数
   7          
   8          void main(){
   9   1              unsigned char i,j,sec=0,keynum;
  10   1              keynum =  Key();
  11   1              if(keynum == 1)//开始
  12   1              {
  13   2                      while(1)
  14   2                      {
  15   3                              keynum =  Key();
  16   3                              Shu(1,sec/10);
  17   3                              Shu(2,sec%10);
  18   3                              i++;
  19   3                              if(i==100)
  20   3                              {
  21   4                                      i=0;
  22   4                                      j++;
  23   4                              }
  24   3                              if(j==5)
  25   3                              {
  26   4                                      i=j=0;
  27   4                                      sec++;
  28   4                              }
  29   3                              if(sec == 60)
  30   3                              {
  31   4                                      sec = 0;
  32   4                              }
  33   3                              if(keynum == 2)//清零
  34   3                                      sec = 0;
  35   3                              if(keynum == 3)//结束
  36   3                                      break;
  37   3                      }
  38   2              }
  39   1              
  40   1      }
  41          
  42          void Shu(unsigned char location, number){
  43   1              switch(location){
  44   2                      case 1 : P2_4 = 1; P2_3 = 1; P2_2 = 1; break;
  45   2                      case 2 : P2_4 = 1; P2_3 = 1; P2_2 = 0; break;
  46   2                      case 3 : P2_4 = 1; P2_3 = 0; P2_2 = 1; break;
  47   2                      case 4 : P2_4 = 1; P2_3 = 0; P2_2 = 0; break;
  48   2                      case 5 : P2_4 = 0; P2_3 = 1; P2_2 = 1; break;
  49   2                      case 6 : P2_4 = 0; P2_3 = 1; P2_2 = 0; break;
  50   2                      case 7 : P2_4 = 0; P2_3 = 0; P2_2 = 1; break;
  51   2                      case 8 : P2_4 = 0; P2_3 = 0; P2_2 = 0; break;
  52   2              }
  53   1              P0=Number[number];
  54   1              Delay(1);//消影
C51 COMPILER V9.59.0.0   MAIN                                                              10/08/2022 16:54:25 PAGE 2   

  55   1              P0=0x00;
  56   1      }


MODULE INFORMATION:   STATIC OVERLAYABLE
   CODE SIZE        =    207    ----
   CONSTANT SIZE    =   ----    ----
   XDATA SIZE       =   ----    ----
   PDATA SIZE       =   ----    ----
   DATA SIZE        =     10       4
   IDATA SIZE       =   ----    ----
   BIT SIZE         =   ----    ----
END OF MODULE INFORMATION.


C51 COMPILATION COMPLETE.  0 WARNING(S),  0 ERROR(S)
