C51 COMPILER V9.59.0.0   DS1302                                                            10/12/2022 12:08:37 PAGE 1   


C51 COMPILER V9.59.0.0, COMPILATION OF MODULE DS1302
OBJECT MODULE PLACED IN .\Objects\DS1302.obj
COMPILER INVOKED BY: D:\Keil_v5\C51\BIN\C51.EXE DS1302.c OPTIMIZE(8,SPEED) BROWSE DEBUG OBJECTEXTEND PRINT(.\Listings\DS
                    -1302.lst) OBJECT(.\Objects\DS1302.obj)

line level    source

   1          #include <REGX52.H>
   2          
   3          #define DS1302_SECOND    0x80
   4          #define DS1302_MINUTE    0x82
   5          #define DS1302_HOUR              0x84
   6          #define DS1302_DATE              0x86
   7          #define DS1302_MONTH     0x88
   8          #define DS1302_DAY               0x8A
   9          #define DS1302_YEAR              0x8C
  10          #define DS1302_WP                0x8E
  11          
  12          sbit DS1302_SCLK=P3^6;
  13          sbit DS1302_IO=P3^4;
  14          sbit DS1302_CE=P3^5;
  15          
  16          unsigned char DS1302_Time[]={22,12,31,23,59,58,2}; 
  17          
  18          /**
  19            * @brief BCD转10进制 
  20            * @param  
  21            * @retval 
  22            */
  23          
  24          unsigned char BCD_10(unsigned char Num){
  25   1              unsigned char Temp;
  26   1              Temp = Num/10*16+Num%10;
  27   1              return Temp;
  28   1      }
  29          
  30          /**
  31            * @brief 10进制转BCD码 
  32            * @param  
  33            * @retval 
  34            */
  35          
  36          unsigned char Ten_BCD(unsigned char Num){
  37   1              unsigned char Temp;
  38   1              Temp = Num/16*10+Num%16;
  39   1              return Temp;
  40   1      }
  41          
  42          /**
  43            * @brief  初始化DS1302
  44            * @param  
  45            * @retval 
  46            */
  47          
  48          void DS1302_Init(){
  49   1              DS1302_SCLK=0;
  50   1              DS1302_CE=0;
  51   1      }
  52          
  53          /**
  54            * @brief  写入字节
C51 COMPILER V9.59.0.0   DS1302                                                            10/12/2022 12:08:37 PAGE 2   

  55            * @param  
  56            * @retval 
  57            */
  58          
  59          void DS1302_WriteByte(unsigned char Command,Data){
  60   1              unsigned char i;
  61   1              DS1302_CE=1;
  62   1              
  63   1              for(i=0;i<8;i++){
  64   2                      DS1302_IO=Command&(0x01<<i);
  65   2                      DS1302_SCLK=1;
  66   2                      DS1302_SCLK=0;
  67   2              }
  68   1              for(i=0;i<8;i++){
  69   2                      DS1302_IO=Data&(0x01<<i);
  70   2                      DS1302_SCLK=1;
  71   2                      DS1302_SCLK=0;
  72   2              }
  73   1              DS1302_CE=0;
  74   1      }
  75          
  76          /**
  77            * @brief  读取字节
  78            * @param  
  79            * @retval 
  80            */
  81          
  82          unsigned char DS1302_ReadByte(unsigned char Command){
  83   1      
  84   1              unsigned char i,Data=0x00;
  85   1              Command|=0x01;
  86   1              DS1302_CE=1;
  87   1              for(i=0;i<8;i++){
  88   2                      DS1302_IO=Command&(0x01<<i);
  89   2                      DS1302_SCLK=0;
  90   2                      DS1302_SCLK=1;
  91   2              }   
  92   1              for(i=0;i<8;i++){
  93   2                      DS1302_SCLK=1;
  94   2                      DS1302_SCLK=0;
  95   2                      if(DS1302_IO){Data|=(0x01<<i);}
  96   2              }
  97   1              DS1302_CE=0;
  98   1              DS1302_IO=0;
  99   1              return Data;
 100   1      }
 101          
 102          /**
 103            * @brief  将数组内容写入
 104            * @param  
 105            * @retval 
 106            */
 107          
 108          void DS1302_SetTime(){
 109   1              DS1302_WriteByte(DS1302_WP,0x00);
 110   1              DS1302_WriteByte(DS1302_YEAR,BCD_10(DS1302_Time[0]));
 111   1              DS1302_WriteByte(DS1302_MONTH,BCD_10(DS1302_Time[1]));
 112   1              DS1302_WriteByte(DS1302_DATE,BCD_10(DS1302_Time[2]));
 113   1              DS1302_WriteByte(DS1302_HOUR,BCD_10(DS1302_Time[3]));
 114   1              DS1302_WriteByte(DS1302_MINUTE,BCD_10(DS1302_Time[4]));
 115   1              DS1302_WriteByte(DS1302_SECOND,BCD_10(DS1302_Time[5]));
 116   1              DS1302_WriteByte(DS1302_DAY,BCD_10(DS1302_Time[6]));
C51 COMPILER V9.59.0.0   DS1302                                                            10/12/2022 12:08:37 PAGE 3   

 117   1              DS1302_WriteByte(DS1302_WP,0x80);
 118   1      }
 119          
 120          /**
 121            * @brief  读出数组内容
 122            * @param  
 123            * @retval 
 124            */
 125          
 126          void DS1302_ReadTime(){
 127   1              
 128   1              DS1302_Time[0]=Ten_BCD(DS1302_ReadByte(DS1302_YEAR));
 129   1              DS1302_Time[1]=Ten_BCD(DS1302_ReadByte(DS1302_MONTH));
 130   1              DS1302_Time[2]=Ten_BCD(DS1302_ReadByte(DS1302_DATE));
 131   1              DS1302_Time[3]=Ten_BCD(DS1302_ReadByte(DS1302_HOUR));
 132   1              DS1302_Time[4]=Ten_BCD(DS1302_ReadByte(DS1302_MINUTE));
 133   1              DS1302_Time[5]=Ten_BCD(DS1302_ReadByte(DS1302_SECOND));
 134   1              DS1302_Time[6]=Ten_BCD(DS1302_ReadByte(DS1302_DAY));
 135   1      }
 136          


MODULE INFORMATION:   STATIC OVERLAYABLE
   CODE SIZE        =    407    ----
   CONSTANT SIZE    =   ----    ----
   XDATA SIZE       =   ----    ----
   PDATA SIZE       =   ----    ----
   DATA SIZE        =      7       2
   IDATA SIZE       =   ----    ----
   BIT SIZE         =   ----    ----
END OF MODULE INFORMATION.


C51 COMPILATION COMPLETE.  0 WARNING(S),  0 ERROR(S)
