C51 COMPILER V9.59.0.0   MAIN                                                              10/21/2022 18:39:45 PAGE 1   


C51 COMPILER V9.59.0.0, COMPILATION OF MODULE MAIN
OBJECT MODULE PLACED IN .\Objects\main.obj
COMPILER INVOKED BY: D:\Keil_v5\C51\BIN\C51.EXE main.c OPTIMIZE(8,SPEED) BROWSE DEBUG OBJECTEXTEND PRINT(.\Listings\main
                    -.lst) OBJECT(.\Objects\main.obj)

line level    source

   1          #include <REGX52.H>
   2          #include "LCD1602.h"
   3          #include "DS18B20.h"
   4          #include "Keyplus.h"
   5          #include "Delay.h"
   6          #include "AT24C02.h"
   7          #include "Timer0.h"
   8          
   9          float T,temp;
  10          char TLow,THigh;
  11          unsigned char KeyNum;
  12          
  13          void main(){
  14   1              /*DS18B20_ConvertT();
  15   1              Delay(1000);*/
  16   1              THigh = AT24C02_ReadByte(0);
  17   1              TLow = AT24C02_ReadByte(1);
  18   1              if(THigh>125 || TLow <-55 || THigh<=TLow){
  19   2                      THigh = 20;
  20   2                      TLow  = 15;
  21   2              }
  22   1              
  23   1              LCD_Init();
  24   1              Timer0_Init();
  25   1              LCD_ShowString(1,1,"T:");
  26   1              LCD_ShowString(2,1,"TH:");
  27   1              LCD_ShowString(2,9,"TL:");
  28   1              while(1){
  29   2                      KeyNum = Key();
  30   2                      //温度读取及显示
  31   2                      DS18B20_ConvertT();
  32   2                      T = DS18B20_ReadT();
  33   2                      temp=T;
  34   2                      if(T<0){
  35   3                              LCD_ShowChar(1,3,'-');
  36   3                              T = -T;
  37   3                      }else{
  38   3                              LCD_ShowChar(1,3,'+');
  39   3                      }
  40   2                      LCD_ShowNum(1,4,T,3);
  41   2                      LCD_ShowChar(1,7,'.');
  42   2                      LCD_ShowNum(1,8,(unsigned long)(T*100)%100,2);
  43   2                      
  44   2                      //阈值判断及显示
  45   2                      if(KeyNum){
  46   3                              if(KeyNum == 1){THigh++;if(THigh>125){THigh = 125;}}
  47   3                              if(KeyNum == 2){THigh--;if(THigh<=TLow){THigh++;}}
  48   3                              if(KeyNum == 3){TLow++;if(THigh<=TLow){TLow--;}}
  49   3                              if(KeyNum == 4){TLow--;if(THigh<-55){THigh = -55;}}
  50   3                      }
  51   2                      LCD_ShowSignedNum(2,4,THigh,3);
  52   2                      LCD_ShowSignedNum(2,12,TLow,3);
  53   2                      
  54   2                      AT24C02_WriteByte(0,THigh);
C51 COMPILER V9.59.0.0   MAIN                                                              10/21/2022 18:39:45 PAGE 2   

  55   2                      Delay(5);
  56   2                      AT24C02_WriteByte(1,TLow);
  57   2                      Delay(5);
  58   2                      
  59   2                      if(temp>THigh){
  60   3                              LCD_ShowString(1,13,"OV:H");
  61   3                      }else if(temp<TLow){
  62   3                              LCD_ShowString(1,13,"OV:L");
  63   3                      }else{
  64   3                              LCD_ShowString(1,13,"    ");
  65   3                      }
  66   2              }
  67   1      }
  68          
  69          void Timer0_Routine() interrupt 1
  70          {
  71   1              static unsigned int count0 = 0;
  72   1              TL0 = 0x18;             //设置定时初值
  73   1              TH0 = 0xFC;             //设置定时初值
  74   1              count0++;
  75   1              if(count0 == 20){
  76   2                      Key_Loop();
  77   2              }
  78   1                      
  79   1      }


MODULE INFORMATION:   STATIC OVERLAYABLE
   CODE SIZE        =    616    ----
   CONSTANT SIZE    =     26    ----
   XDATA SIZE       =   ----    ----
   PDATA SIZE       =   ----    ----
   DATA SIZE        =     13    ----
   IDATA SIZE       =   ----    ----
   BIT SIZE         =   ----    ----
END OF MODULE INFORMATION.


C51 COMPILATION COMPLETE.  0 WARNING(S),  0 ERROR(S)
