C51 COMPILER V9.59.0.0   ONEWIRE                                                           10/21/2022 18:40:44 PAGE 1   


C51 COMPILER V9.59.0.0, COMPILATION OF MODULE ONEWIRE
OBJECT MODULE PLACED IN .\Objects\OneWire.obj
COMPILER INVOKED BY: D:\Keil_v5\C51\BIN\C51.EXE OneWire.c OPTIMIZE(8,SPEED) BROWSE DEBUG OBJECTEXTEND PRINT(.\Listings\O
                    -neWire.lst) OBJECT(.\Objects\OneWire.obj)

line level    source

   1          #include <REGX52.H>
   2          #include <intrins.h>
   3          
   4          sbit OneWire_DQ=P3^7;
   5          
   6          
   7          unsigned char OneWire_Init(){
   8   1              unsigned char i;
   9   1              unsigned char AckBit;
  10   1              OneWire_DQ = 1;
  11   1              OneWire_DQ = 0;
  12   1              EA=0;
  13   1              _nop_();i = 204;while (--i);    //@11.0592MHz Delay 500us
  14   1              
  15   1              OneWire_DQ=1;
  16   1              _nop_();i = 29;while (--i);             //@11.0592MHz Delay 70us
  17   1               AckBit= OneWire_DQ;
  18   1              _nop_();i = 204;while (--i);    //@11.0592MHz Delay 500us
  19   1              EA=1;
  20   1              return AckBit;
  21   1      }
  22          
  23          void OneWire_SendBit(unsigned char Bit){
  24   1              unsigned char i;
  25   1              OneWire_DQ  = 1;
  26   1              OneWire_DQ = 0;
  27   1              _nop_();i = 3;while (--i);              //@11.0592MHz Delay 10us
  28   1              OneWire_DQ=Bit;
  29   1              i = 22;while (--i);                             //@11.0592MHz Delay 50us
  30   1              OneWire_DQ = 1;
  31   1      }
  32          
  33          unsigned char OneWire_ReceiveBit(){
  34   1              unsigned char i;
  35   1              unsigned char Bit;
  36   1              OneWire_DQ = 0;
  37   1              _nop_();i = 2;while (--i);              //@11.0592MHz Delay 5us
  38   1              OneWire_DQ = 1;
  39   1              _nop_();i = 2;while (--i);              //@11.0592MHz Delay 5us
  40   1              Bit = OneWire_DQ;
  41   1              i = 22;while (--i);                             //@11.0592MHz Delay 50us
  42   1              
  43   1              return Bit;
  44   1      }
  45          void OneWire_SendByte(unsigned char Byte){
  46   1              unsigned char i;
  47   1              for(i=0;i<8;i++){
  48   2                      OneWire_SendBit(Byte&(0x01<<i));
  49   2              }
  50   1      }
  51          
  52          unsigned char OneWire_ReceiveByte(){
  53   1              unsigned char i;
  54   1              unsigned char Byte=0x00;
C51 COMPILER V9.59.0.0   ONEWIRE                                                           10/21/2022 18:40:44 PAGE 2   

  55   1              for(i=0;i<8;i++){
  56   2                      if(OneWire_ReceiveBit()){Byte|=(0x01<<i);}
  57   2              }
  58   1              return Byte;
  59   1      }
  60          


MODULE INFORMATION:   STATIC OVERLAYABLE
   CODE SIZE        =    152    ----
   CONSTANT SIZE    =   ----    ----
   XDATA SIZE       =   ----    ----
   PDATA SIZE       =   ----    ----
   DATA SIZE        =   ----    ----
   IDATA SIZE       =   ----    ----
   BIT SIZE         =   ----    ----
END OF MODULE INFORMATION.


C51 COMPILATION COMPLETE.  0 WARNING(S),  0 ERROR(S)
