C51 COMPILER V9.59.0.0   KEY_PLUS                                                          10/18/2022 21:08:58 PAGE 1   


C51 COMPILER V9.59.0.0, COMPILATION OF MODULE KEY_PLUS
OBJECT MODULE PLACED IN .\Objects\Key-plus.obj
COMPILER INVOKED BY: D:\Keil_v5\C51\BIN\C51.EXE Key-plus.c OPTIMIZE(8,SPEED) BROWSE DEBUG OBJECTEXTEND PRINT(.\Listings\
                    -Key-plus.lst) OBJECT(.\Objects\Key-plus.obj)

line level    source

   1          #include <REGX52.H>
   2          #include "Delay.h"
   3          
   4          unsigned char KeyNum;
   5          
   6          unsigned char Key(){
   7   1              
   8   1              unsigned char Temp;
   9   1              
  10   1              Temp = KeyNum;
  11   1              KeyNum = 0;
  12   1              
  13   1              return Temp;
  14   1      }
  15          
  16          unsigned char Key_GetState(){
  17   1              
  18   1              unsigned char KeyNumber = 0;
  19   1              
  20   1              if(P3_1==0)KeyNumber = 1;
  21   1              if(P3_0==0)KeyNumber = 2;
  22   1              if(P3_2==0)KeyNumber = 3;
  23   1              if(P3_3==0)KeyNumber = 4;
  24   1              
  25   1              return KeyNumber;
  26   1      }
  27          
  28          void Key_Loop(){
  29   1              static unsigned char NowState,LastState;
  30   1              LastState=NowState;
  31   1              NowState = Key_GetState();
  32   1              
  33   1              if(LastState == 1&&NowState == 0)
  34   1              {
  35   2                      KeyNum = 1;
  36   2              }
  37   1              if(LastState == 2&&NowState == 0)
  38   1              {
  39   2                      KeyNum = 2;
  40   2              }
  41   1              if(LastState == 3&&NowState == 0)
  42   1              {
  43   2                      KeyNum = 3;
  44   2              }
  45   1              if(LastState == 4&&NowState == 0)
  46   1              {
  47   2                      KeyNum = 4;
  48   2              }
  49   1              
  50   1      }


MODULE INFORMATION:   STATIC OVERLAYABLE
   CODE SIZE        =     92    ----
C51 COMPILER V9.59.0.0   KEY_PLUS                                                          10/18/2022 21:08:58 PAGE 2   

   CONSTANT SIZE    =   ----    ----
   XDATA SIZE       =   ----    ----
   PDATA SIZE       =   ----    ----
   DATA SIZE        =      3    ----
   IDATA SIZE       =   ----    ----
   BIT SIZE         =   ----    ----
END OF MODULE INFORMATION.


C51 COMPILATION COMPLETE.  0 WARNING(S),  0 ERROR(S)
