C51 COMPILER V9.59.0.0   MAIN                                                              10/18/2022 21:58:10 PAGE 1   


C51 COMPILER V9.59.0.0, COMPILATION OF MODULE MAIN
OBJECT MODULE PLACED IN .\Objects\main.obj
COMPILER INVOKED BY: D:\Keil_v5\C51\BIN\C51.EXE main.c OPTIMIZE(8,SPEED) BROWSE DEBUG OBJECTEXTEND PRINT(.\Listings\main
                    -.lst) OBJECT(.\Objects\main.obj)

line level    source

   1          #include <REGX52.H>
   2          #include "Timer0.h"
   3          #include "Delay.h"
   4          #include "Keyplus.h"
   5          #include "Shuplus.h"
   6          #include "AT24C02.h"
   7          
   8          unsigned char KeyNu,Flag;
   9          unsigned char Min,Sec,MinSec;
  10          
  11          void main(){
  12   1              Timer0_Init();
  13   1              while(1){
  14   2                      KeyNu = Key();
  15   2                      if(KeyNu==1){
  16   3                              Flag = !Flag;
  17   3                      }
  18   2                      if(KeyNu==2){
  19   3                              Min=Sec=MinSec=0;
  20   3                              Flag=0;
  21   3                      }
  22   2                      if(KeyNu==3){
  23   3                              AT24C02_WriteByte(0,Min);
  24   3                              Delay(5);
  25   3                              AT24C02_WriteByte(1,Sec);
  26   3                              Delay(5);
  27   3                              AT24C02_WriteByte(2,MinSec);
  28   3                              Delay(5);
  29   3                      }
  30   2                      if(KeyNu==4){
  31   3                              Min=AT24C02_ReadByte(0);
  32   3                              Sec=AT24C02_ReadByte(1);
  33   3                              MinSec=AT24C02_ReadByte(2);
  34   3                              Flag=0;
  35   3                      }
  36   2                      Shu_SetBuf(1,Min/10);
  37   2                      Shu_SetBuf(2,Min%10);
  38   2                      Shu_SetBuf(3,11);
  39   2                      Shu_SetBuf(4,Sec/10);
  40   2                      Shu_SetBuf(5,Sec%10);
  41   2                      Shu_SetBuf(6,11);
  42   2                      Shu_SetBuf(7,MinSec/10);
  43   2                      Shu_SetBuf(8,MinSec%10);
  44   2              }
  45   1      }
  46          
  47          void Sec_Loop(){
  48   1              if(Flag)
  49   1              {
  50   2                      MinSec++;
  51   2                      if(MinSec>=100)
  52   2                      {
  53   3                              MinSec=0;
  54   3                              Sec++;
C51 COMPILER V9.59.0.0   MAIN                                                              10/18/2022 21:58:10 PAGE 2   

  55   3                              if(Sec>=60)
  56   3                              {
  57   4                                      Sec=0;
  58   4                                      Min++;
  59   4                                      if(Min>=24)
  60   4                                              Min=0;
  61   4                              }
  62   3                      }
  63   2              }
  64   1              
  65   1      }
  66          
  67          void Timer0_Routine() interrupt 1
  68          {
  69   1              static unsigned int count0 = 0,count1 = 0,count2 = 0;
  70   1              TL0 = 0x18;             //设置定时初值
  71   1              TH0 = 0xFC;             //设置定时初值
  72   1              count0++;
  73   1              if(count0 == 20){
  74   2                      count0 = 0;
  75   2                      Key_Loop();
  76   2              }
  77   1              count1++;
  78   1              if(count1 == 2){
  79   2                      count1 = 0;
  80   2                      Shu_Loop();
  81   2              }
  82   1              count2++;
  83   1              if(count2 == 9){
  84   2                      count2 = 0;
  85   2                      Sec_Loop();
  86   2              }
  87   1                      
  88   1      }


MODULE INFORMATION:   STATIC OVERLAYABLE
   CODE SIZE        =    414    ----
   CONSTANT SIZE    =   ----    ----
   XDATA SIZE       =   ----    ----
   PDATA SIZE       =   ----    ----
   DATA SIZE        =     11    ----
   IDATA SIZE       =   ----    ----
   BIT SIZE         =   ----    ----
END OF MODULE INFORMATION.


C51 COMPILATION COMPLETE.  0 WARNING(S),  0 ERROR(S)
