C51 COMPILER V9.59.0.0   SHUPLUS                                                           10/18/2022 21:39:09 PAGE 1   


C51 COMPILER V9.59.0.0, COMPILATION OF MODULE SHUPLUS
OBJECT MODULE PLACED IN .\Objects\Shuplus.obj
COMPILER INVOKED BY: D:\Keil_v5\C51\BIN\C51.EXE Shuplus.c OPTIMIZE(8,SPEED) BROWSE DEBUG OBJECTEXTEND PRINT(.\Listings\S
                    -huplus.lst) OBJECT(.\Objects\Shuplus.obj)

line level    source

   1          #include <REGX51.H>
   2          #include "Delay.h"
   3          
   4          unsigned char Shu_Buf[]={0,10,10,10,10,10,10,10,10};
   5          unsigned char Number[] = {0x3F,0x06,0x5B,0x4F,0x66,0x6D,0x7D,0x07,0x7F,0x6F,0x00,0x40};
   6          
   7          void Shu_SetBuf(unsigned char location, number){
   8   1              Shu_Buf[location]=number;
   9   1      }
  10          
  11          void Shu_Scan(unsigned char location, number){
  12   1              P0=0x00;
  13   1              switch(location){
  14   2                      case 1 : P2_4 = 1; P2_3 = 1; P2_2 = 1; break;
  15   2                      case 2 : P2_4 = 1; P2_3 = 1; P2_2 = 0; break;
  16   2                      case 3 : P2_4 = 1; P2_3 = 0; P2_2 = 1; break;
  17   2                      case 4 : P2_4 = 1; P2_3 = 0; P2_2 = 0; break;
  18   2                      case 5 : P2_4 = 0; P2_3 = 1; P2_2 = 1; break;
  19   2                      case 6 : P2_4 = 0; P2_3 = 1; P2_2 = 0; break;
  20   2                      case 7 : P2_4 = 0; P2_3 = 0; P2_2 = 1; break;
  21   2                      case 8 : P2_4 = 0; P2_3 = 0; P2_2 = 0; break;
  22   2              }
  23   1              P0=Number[number];
  24   1      }
  25          
  26          void Shu_Loop(){
  27   1              static unsigned char i=1;
  28   1              Shu_Scan(i,Shu_Buf[i]);
  29   1              i++;
  30   1              if(i>=9)
  31   1                      i=1;
  32   1      }


MODULE INFORMATION:   STATIC OVERLAYABLE
   CODE SIZE        =    142    ----
   CONSTANT SIZE    =   ----    ----
   XDATA SIZE       =   ----    ----
   PDATA SIZE       =   ----    ----
   DATA SIZE        =     22    ----
   IDATA SIZE       =   ----    ----
   BIT SIZE         =   ----    ----
END OF MODULE INFORMATION.


C51 COMPILATION COMPLETE.  0 WARNING(S),  0 ERROR(S)
