C51 COMPILER V9.59.0.0   MAIN                                                              10/23/2022 20:26:58 PAGE 1   


C51 COMPILER V9.59.0.0, COMPILATION OF MODULE MAIN
OBJECT MODULE PLACED IN .\Objects\main.obj
COMPILER INVOKED BY: D:\Keil_v5\C51\BIN\C51.EXE main.c OPTIMIZE(8,SPEED) BROWSE DEBUG OBJECTEXTEND PRINT(.\Listings\main
                    -.lst) OBJECT(.\Objects\main.obj)

line level    source

   1          #include <REGX52.H>
   2          #include "Timer0.h"
   3          #include "Key.h"
   4          #include "Shu.h"
   5          
   6          sbit Motor = P1^0;
   7          
   8          unsigned char Counter,Compare;
   9          unsigned char KeyNum,Speed;
  10          
  11          void main(){
  12   1              Timer0_Init();
  13   1              while(1){
  14   2                      KeyNum = Key();
  15   2                      if(KeyNum == 1)
  16   2                      {
  17   3                              Speed++;
  18   3                              Speed = Speed % 4;
  19   3                              if(Speed==0){Compare = 0;}
  20   3                              if(Speed==1){Compare = 50;}
  21   3                              if(Speed==2){Compare = 75;}
  22   3                              if(Speed==3){Compare = 100;}
  23   3                      }
  24   2                      Shu(1,Speed);
  25   2              }
  26   1      }
  27          
  28          void Timer0_Routine() interrupt 1
  29          {
  30   1              TL0 = 0xAE;             //设置定时初值
  31   1              TH0 = 0xFB;             //设置定时初值
  32   1              Counter++;
  33   1              Counter = Counter % 100;
  34   1              if(Counter < Compare)
  35   1              {
  36   2                      Motor = 1;
  37   2              }
  38   1              else
  39   1              {
  40   2                      Motor = 0;
  41   2              }
  42   1      }


MODULE INFORMATION:   STATIC OVERLAYABLE
   CODE SIZE        =    108    ----
   CONSTANT SIZE    =   ----    ----
   XDATA SIZE       =   ----    ----
   PDATA SIZE       =   ----    ----
   DATA SIZE        =      4    ----
   IDATA SIZE       =   ----    ----
   BIT SIZE         =   ----    ----
END OF MODULE INFORMATION.


C51 COMPILATION COMPLETE.  0 WARNING(S),  0 ERROR(S)
