C51 COMPILER V9.59.0.0   MAIN                                                              10/11/2022 16:04:15 PAGE 1   


C51 COMPILER V9.59.0.0, COMPILATION OF MODULE MAIN
OBJECT MODULE PLACED IN .\Objects\main.obj
COMPILER INVOKED BY: D:\Keil_v5\C51\BIN\C51.EXE main.c OPTIMIZE(8,SPEED) BROWSE DEBUG OBJECTEXTEND PRINT(.\Listings\main
                    -.lst) OBJECT(.\Objects\main.obj)

line level    source

   1          #include <REGX52.H>
   2          #include "LED.h"
   3          
   4          unsigned char code Animation[]={                                //放在flash里面可以存更多内容，但是不能再更改数组
   5                  0x04,0x24,0x24,0x24,0x7F,0xC4,0x44,0x04,
   6                  0x04,0xFF,0x04,0x44,0x34,0x05,0x04,0x00,
   7                  0x00,0x00,0x00,0x00,0x00,0x00,0x00,0x00,
   8                  0x00,0x00,0x00,0x00,0x00,0x00,0x00,0x00,
   9          };
  10          
  11          void main(){
  12   1      
  13   1              unsigned char i,offset=0,count=0;
  14   1              LED_Init();
  15   1              while(1){
  16   2                      for(i=0;i<8;i++){
  17   3                              LED(i,Animation[i+offset]);
  18   3                      }
  19   2                      count++;
  20   2                      if(count>=1500){
  21   3                              count = 0;
  22   3                              offset+=8;
  23   3                              if(offset>24) offset=0;
  24   3                      }
  25   2      
  26   2              }
  27   1      }
  28          
  29          /*
  30          循环显示字母
  31          unsigned char Animation[]={
  32                  0x00,0x00,0x00,0x00,0x00,0x00,0x00,0x00,
  33                  0xFF,0x08,0x08,0x08,0xFF,0x00,0x0E,0x15,
  34                  0x15,0x15,0x08,0x00,0x7E,0x01,0x01,0x02,
  35                  0x00,0x7E,0x01,0x01,0x02,0x00,0x0E,0x11,
  36                  0x11,0x0E,0x00,0x7D,0x00,0x00,0x00,0x00,
  37                  0x00,0x00,0x00,0x00,0x00,0x00,0x00,0x00,
  38          };
  39          
  40          void main(){
  41          
  42                  unsigned char i,offset=0,count=0;
  43                  LED_Init();
  44                  while(1){
  45                          for(i=0;i<8;i++){
  46                                  LED(i,Animation[i+offset]);
  47                          }
  48                          count++;
  49                          if(count>=10){
  50                                  count = 0;
  51                                  offset++;
  52                                  if(offset>=38) offset=0;
  53                          }
  54          
C51 COMPILER V9.59.0.0   MAIN                                                              10/11/2022 16:04:15 PAGE 2   

  55                  }
  56          }
  57          */
  58          


MODULE INFORMATION:   STATIC OVERLAYABLE
   CODE SIZE        =     78    ----
   CONSTANT SIZE    =     32    ----
   XDATA SIZE       =   ----    ----
   PDATA SIZE       =   ----    ----
   DATA SIZE        =   ----       3
   IDATA SIZE       =   ----    ----
   BIT SIZE         =   ----    ----
END OF MODULE INFORMATION.


C51 COMPILATION COMPLETE.  0 WARNING(S),  0 ERROR(S)
