C51 COMPILER V9.59.0.0   MAIN                                                              10/24/2022 21:46:50 PAGE 1   


C51 COMPILER V9.59.0.0, COMPILATION OF MODULE MAIN
OBJECT MODULE PLACED IN .\Objects\main.obj
COMPILER INVOKED BY: D:\Keil_v5\C51\BIN\C51.EXE main.c OPTIMIZE(8,SPEED) BROWSE DEBUG OBJECTEXTEND PRINT(.\Listings\main
                    -.lst) OBJECT(.\Objects\main.obj)

line level    source

   1          #include <REGX52.H>
   2          #include "Delay.h"
   3          #include "LCD1602.h"
   4          #include "IR.h"
   5          
   6          unsigned char Num;
   7          unsigned int Time;
   8          unsigned char Address;
   9          unsigned char Command;
  10          void main(){
  11   1              LCD_Init();
  12   1              IR_Init();
  13   1              LCD_ShowString(1,1,"ADDR  CMD  NUM");
  14   1              LCD_ShowString(2,1,"00    00   000");
  15   1              while(1){
  16   2                      if(IR_GetDataFlag() || IR_GetRepeatFlag())
  17   2                      {
  18   3                              Address = IR_GetAddress();
  19   3                              Command = IR_GetCommand();
  20   3                              
  21   3                              LCD_ShowHexNum(2,1,Address,2);
  22   3                              LCD_ShowHexNum(2,7,Command,2);
  23   3                              
  24   3                              if(Command == IR_VOL_MINUS)
  25   3                              {
  26   4                                      Num--;
  27   4                              }
  28   3                              if(Command == IR_VOL_ADD)
  29   3                              {
  30   4                                      Num++;
  31   4                              }
  32   3                              LCD_ShowNum(2,12,Num,3);
  33   3                      }
  34   2              }
  35   1      }
  36          


MODULE INFORMATION:   STATIC OVERLAYABLE
   CODE SIZE        =    120    ----
   CONSTANT SIZE    =     30    ----
   XDATA SIZE       =   ----    ----
   PDATA SIZE       =   ----    ----
   DATA SIZE        =      5    ----
   IDATA SIZE       =   ----    ----
   BIT SIZE         =   ----    ----
END OF MODULE INFORMATION.


C51 COMPILATION COMPLETE.  0 WARNING(S),  0 ERROR(S)
