C51 COMPILER V9.59.0.0   UART                                                              10/05/2022 17:33:14 PAGE 1   


C51 COMPILER V9.59.0.0, COMPILATION OF MODULE UART
OBJECT MODULE PLACED IN .\Objects\UART.obj
COMPILER INVOKED BY: D:\Keil_v5\C51\BIN\C51.EXE UART.c OPTIMIZE(8,SPEED) BROWSE DEBUG OBJECTEXTEND PRINT(.\Listings\UART
                    -.lst) OBJECT(.\Objects\UART.obj)

line level    source

   1          #include <REGX52.H>
   2          
   3          /**
   4            * @brief  串口初始化 //4800bps@11.0592MHz
   5            * @param  无
   6            * @retval 无
   7            */
   8          void UART_Init(){
   9   1              SCON=0x50;
  10   1              PCON &= 0x7F;           //4800bps@11.0592MHz
  11   1              TMOD &= 0x0F;           //清除定时器1模式位
  12   1              TMOD |= 0x20;           //设定定时器1为8位自动重装方式
  13   1              TL1 = 0xFA;             //设定定时初值
  14   1              TH1 = 0xFA;             //设定定时器重装值
  15   1              ET1 = 0;                //禁止定时器1中断
  16   1              TR1 = 1;                //启动定时器1
  17   1              EA=1;
  18   1              ES=1;
  19   1      }
  20          /**
  21            * @brief  发送数据
  22            * @param  
  23            * @retval 
  24            */
  25          void UART_SendByte(unsigned char byet){
  26   1              SBUF = byet;
  27   1              while(TI==0);
  28   1              TI=0;
  29   1      }
  30          
  31          /*
  32          串口中断函数模板
  33          void UARY_Routine() interrupt 4
  34          {
  35                  if(RI==1){
  36                          P2=~SBUF;
  37                          UART_SendByte(SBUF);
  38                          RI=0;
  39                  }
  40          }
  41          */


MODULE INFORMATION:   STATIC OVERLAYABLE
   CODE SIZE        =     35    ----
   CONSTANT SIZE    =   ----    ----
   XDATA SIZE       =   ----    ----
   PDATA SIZE       =   ----    ----
   DATA SIZE        =   ----    ----
   IDATA SIZE       =   ----    ----
   BIT SIZE         =   ----    ----
END OF MODULE INFORMATION.


C51 COMPILATION COMPLETE.  0 WARNING(S),  0 ERROR(S)
