C51 COMPILER V9.59.0.0   DS1302                                                            10/12/2022 09:26:37 PAGE 1   


C51 COMPILER V9.59.0.0, COMPILATION OF MODULE DS1302
OBJECT MODULE PLACED IN .\Objects\DS1302.obj
COMPILER INVOKED BY: D:\Keil_v5\C51\BIN\C51.EXE DS1302.c OPTIMIZE(8,SPEED) BROWSE DEBUG OBJECTEXTEND PRINT(.\Listings\DS
                    -1302.lst) OBJECT(.\Objects\DS1302.obj)

line level    source

   1          #include <REGX52.H>
   2          
   3          #define DS1302_SECOND    0x80
   4          #define DS1302_MINUTE    0x82
   5          #define DS1302_HOUR              0x84
   6          #define DS1302_DATE              0x86
   7          #define DS1302_MONTH     0x88
   8          #define DS1302_DAY               0x8A
   9          #define DS1302_YEAR              0x8C
  10          #define DS1302_WP                0x8E
  11          
  12          sbit DS1302_SCLK=P3^6;
  13          sbit DS1302_IO=P3^4;
  14          sbit DS1302_CE=P3^5;
  15          
  16          unsigned char DS1302_Time[]={22,10,11,23,45,45,2}; 
  17          
  18          /**
  19            * @brief BCD转10进制 
  20            * @param  
  21            * @retval 
  22            */
  23          
  24          unsigned char BCD_10(unsigned char Num){
  25   1              unsigned char Temp;
  26   1              Temp = Num/10*16+Num%10;
  27   1              return Temp;
  28   1      }
  29          
  30          /**
  31            * @brief 10进制转BCD码 
  32            * @param  
  33            * @retval 
  34            */
  35          
  36          unsigned char Ten_BCD(unsigned char Num){
  37   1              unsigned char Temp;
  38   1              Temp = Num/16*10+Num%16;
  39   1              return Temp;
  40   1      }
  41          
  42          void DS1302_Init(){
  43   1              DS1302_SCLK=0;
  44   1              DS1302_CE=0;
  45   1      }
  46          
  47          void DS1302_WriteByte(unsigned char Command,Data){
  48   1              unsigned char i;
  49   1              DS1302_CE=1;
  50   1              
  51   1              for(i=0;i<8;i++){
  52   2                      DS1302_IO=Command&(0x01<<i);
  53   2                      DS1302_SCLK=1;
  54   2                      DS1302_SCLK=0;
C51 COMPILER V9.59.0.0   DS1302                                                            10/12/2022 09:26:37 PAGE 2   

  55   2              }
  56   1              for(i=0;i<8;i++){
  57   2                      DS1302_IO=Data&(0x01<<i);
  58   2                      DS1302_SCLK=1;
  59   2                      DS1302_SCLK=0;
  60   2              }
  61   1              DS1302_CE=0;
  62   1      }
  63          
  64          unsigned char  DS1302_ReadByte(unsigned char Command){
  65   1      
  66   1              unsigned char i,Data=0x00;
  67   1              Command|=0x01;
  68   1              DS1302_CE=1;
  69   1              for(i=0;i<8;i++){
  70   2                      DS1302_IO=Command&(0x01<<i);
  71   2                      DS1302_SCLK=0;
  72   2                      DS1302_SCLK=1;
  73   2              }   
  74   1              for(i=0;i<8;i++){
  75   2                      DS1302_SCLK=1;
  76   2                      DS1302_SCLK=0;
  77   2                      if(DS1302_IO){Data|=(0x01<<i);}
  78   2              }
  79   1              DS1302_CE=0;
  80   1              DS1302_IO=0;
  81   1              return Data;
  82   1      }
  83          
  84          void DS1302_SetTime(){
  85   1              DS1302_WriteByte(DS1302_WP,0x00);
  86   1              DS1302_WriteByte(DS1302_YEAR,BCD_10(DS1302_Time[0]));
  87   1              DS1302_WriteByte(DS1302_MONTH,BCD_10(DS1302_Time[1]));
  88   1              DS1302_WriteByte(DS1302_DATE,BCD_10(DS1302_Time[2]));
  89   1              DS1302_WriteByte(DS1302_HOUR,BCD_10(DS1302_Time[3]));
  90   1              DS1302_WriteByte(DS1302_MINUTE,BCD_10(DS1302_Time[4]));
  91   1              DS1302_WriteByte(DS1302_SECOND,BCD_10(DS1302_Time[5]));
  92   1              DS1302_WriteByte(DS1302_DAY,BCD_10(DS1302_Time[6]));
  93   1              DS1302_WriteByte(DS1302_WP,0x80);
  94   1      }
  95          
  96          void DS1302_ReadTime(){
  97   1              
  98   1              DS1302_Time[0]=Ten_BCD(DS1302_ReadByte(DS1302_YEAR));
  99   1              DS1302_Time[1]=Ten_BCD(DS1302_ReadByte(DS1302_MONTH));
 100   1              DS1302_Time[2]=Ten_BCD(DS1302_ReadByte(DS1302_DATE));
 101   1              DS1302_Time[3]=Ten_BCD(DS1302_ReadByte(DS1302_HOUR));
 102   1              DS1302_Time[4]=Ten_BCD(DS1302_ReadByte(DS1302_MINUTE));
 103   1              DS1302_Time[5]=Ten_BCD(DS1302_ReadByte(DS1302_SECOND));
 104   1              DS1302_Time[6]=Ten_BCD(DS1302_ReadByte(DS1302_DAY));
 105   1      }
 106          


MODULE INFORMATION:   STATIC OVERLAYABLE
   CODE SIZE        =    407    ----
   CONSTANT SIZE    =   ----    ----
   XDATA SIZE       =   ----    ----
   PDATA SIZE       =   ----    ----
   DATA SIZE        =      7       2
   IDATA SIZE       =   ----    ----
   BIT SIZE         =   ----    ----
C51 COMPILER V9.59.0.0   DS1302                                                            10/12/2022 09:26:37 PAGE 3   

END OF MODULE INFORMATION.


C51 COMPILATION COMPLETE.  0 WARNING(S),  0 ERROR(S)
