C51 COMPILER V9.59.0.0   MAIN                                                              10/12/2022 09:28:43 PAGE 1   


C51 COMPILER V9.59.0.0, COMPILATION OF MODULE MAIN
OBJECT MODULE PLACED IN .\Objects\main.obj
COMPILER INVOKED BY: D:\Keil_v5\C51\BIN\C51.EXE main.c OPTIMIZE(8,SPEED) BROWSE DEBUG OBJECTEXTEND PRINT(.\Listings\main
                    -.lst) OBJECT(.\Objects\main.obj)

line level    source

   1          #include <REGX52.H>
   2          #include "LCD1602.h"
   3          #include "DS1302.h"
   4          
   5          unsigned char Second,Minute;
   6          
   7          void main(){
   8   1              LCD_Init();
   9   1              DS1302_Init();
  10   1              
  11   1              DS1302_SetTime();
  12   1              LCD_ShowString(1,1,"  -  -  ");
  13   1              LCD_ShowString(2,1,"  :  :  ");
  14   1              
  15   1              
  16   1              while(1){
  17   2                      DS1302_ReadTime();      
  18   2                      LCD_ShowNum(1,1,DS1302_Time[0],2);
  19   2                      LCD_ShowNum(1,4,DS1302_Time[1],2);
  20   2                      LCD_ShowNum(1,7,DS1302_Time[2],2);
  21   2                      LCD_ShowNum(2,1,DS1302_Time[3],2);
  22   2                      LCD_ShowNum(2,4,DS1302_Time[4],2);
  23   2                      LCD_ShowNum(2,7,DS1302_Time[5],2);
  24   2              }
  25   1      }
  26          
  27          //void main(){
  28          //      
  29          //      LCD_Init();
  30          //      DS1302_Init();
  31          //      LCD_ShowString(1,1,"hhj");
  32          //      DS1302_WriteByte(0x8E,0x00);   //解除芯片写保护
  33          //      DS1302_WriteByte(0x80,0x10);
  34          //      DS1302_WriteByte(0x82,0x00);
  35          //      
  36          //      
  37          //      while(1){
  38          //              Second=DS1302_ReadByte(0x81);                           //BCD码转十进制：X/10*16+X%10
  39          //              Minute=DS1302_ReadByte(0x83);
  40          //              LCD_ShowNum(2,1,Minute/16*10+Minute%16,2);
  41          //              LCD_ShowNum(2,4,Second/16*10+Second%16,2);      //十进制转BCD码：X/16*10+X%16
  42          //              
  43          //      }
  44          //}


MODULE INFORMATION:   STATIC OVERLAYABLE
   CODE SIZE        =    130    ----
   CONSTANT SIZE    =     18    ----
   XDATA SIZE       =   ----    ----
   PDATA SIZE       =   ----    ----
   DATA SIZE        =      2    ----
   IDATA SIZE       =   ----    ----
   BIT SIZE         =   ----    ----
C51 COMPILER V9.59.0.0   MAIN                                                              10/12/2022 09:28:43 PAGE 2   

END OF MODULE INFORMATION.


C51 COMPILATION COMPLETE.  0 WARNING(S),  0 ERROR(S)
