C51 COMPILER V9.59.0.0   MAIN                                                              10/03/2022 21:42:13 PAGE 1   


C51 COMPILER V9.59.0.0, COMPILATION OF MODULE MAIN
OBJECT MODULE PLACED IN .\Objects\main.obj
COMPILER INVOKED BY: D:\Keil_v5\C51\BIN\C51.EXE main.c OPTIMIZE(8,SPEED) BROWSE DEBUG OBJECTEXTEND PRINT(.\Listings\main
                    -.lst) OBJECT(.\Objects\main.obj)

line level    source

   1          #include <REGX52.H>
   2          #include "Timer0.h"
   3          #include "Key.h"
   4          #include <INTRINS.h>
   5          
   6          unsigned char KeyNum,LEDMode;
   7          
   8          void main(){
   9   1              P2 = 0xFE;
  10   1              Timer0_Init();
  11   1              while(1){
  12   2                      KeyNum = Key();
  13   2                      if(KeyNum){
  14   3                              if(KeyNum==1){
  15   4                                      LEDMode++;
  16   4                                      if(LEDMode==2)
  17   4                                              LEDMode = 0;
  18   4                              }
  19   3                              
  20   3                      }
  21   2              }
  22   1      }
  23          
  24          
  25          void Timer0_Routine() interrupt 1
  26          {
  27   1              static unsigned int count0 = 0;
  28   1              TL0 = 0x18;             //设置定时初值
  29   1              TH0 = 0xFC;             //设置定时初值
  30   1              count0++;
  31   1              if(count0 == 1000){
  32   2                      count0 = 0;
  33   2                      if(LEDMode==0)
  34   2                              P2 = _crol_(P2,1);
  35   2                      if(LEDMode==1)
  36   2                              P2 = _cror_(P2,1);
  37   2              }
  38   1                      
  39   1      }


MODULE INFORMATION:   STATIC OVERLAYABLE
   CODE SIZE        =    126    ----
   CONSTANT SIZE    =   ----    ----
   XDATA SIZE       =   ----    ----
   PDATA SIZE       =   ----    ----
   DATA SIZE        =      4    ----
   IDATA SIZE       =   ----    ----
   BIT SIZE         =   ----    ----
END OF MODULE INFORMATION.


C51 COMPILATION COMPLETE.  0 WARNING(S),  0 ERROR(S)
