C51 COMPILER V9.59.0.0   MAIN                                                              10/13/2022 20:29:24 PAGE 1   


C51 COMPILER V9.59.0.0, COMPILATION OF MODULE MAIN
OBJECT MODULE PLACED IN .\Objects\main.obj
COMPILER INVOKED BY: D:\Keil_v5\C51\BIN\C51.EXE main.c OPTIMIZE(8,SPEED) BROWSE DEBUG OBJECTEXTEND PRINT(.\Listings\main
                    -.lst) OBJECT(.\Objects\main.obj)

line level    source

   1          #include <REGX51.H>
   2          #include "Key.h"
   3          #include "Shu.h"
   4          #include "Buzzer.h"
   5          
   6          unsigned char KeyNumber;
   7          
   8          
   9          void main(){
  10   1              
  11   1              while(1){
  12   2                      KeyNumber = Key();
  13   2                      if(KeyNumber){
  14   3                              Buzzer_Time(100);
  15   3                              Shu(1,KeyNumber);
  16   3                      }
  17   2              }
  18   1      }


MODULE INFORMATION:   STATIC OVERLAYABLE
   CODE SIZE        =     28    ----
   CONSTANT SIZE    =   ----    ----
   XDATA SIZE       =   ----    ----
   PDATA SIZE       =   ----    ----
   DATA SIZE        =      1    ----
   IDATA SIZE       =   ----    ----
   BIT SIZE         =   ----    ----
END OF MODULE INFORMATION.


C51 COMPILATION COMPLETE.  0 WARNING(S),  0 ERROR(S)
