C51 COMPILER V9.59.0.0   MAIN                                                              10/21/2022 13:51:34 PAGE 1   


C51 COMPILER V9.59.0.0, COMPILATION OF MODULE MAIN
OBJECT MODULE PLACED IN .\Objects\main.obj
COMPILER INVOKED BY: D:\Keil_v5\C51\BIN\C51.EXE main.c OPTIMIZE(8,SPEED) BROWSE DEBUG OBJECTEXTEND PRINT(.\Listings\main
                    -.lst) OBJECT(.\Objects\main.obj)

line level    source

   1          #include <REGX52.H>
   2          #include "LCD1602.h"
   3          #include "DS18B20.h"
   4          
   5          float T;
   6          
   7          void main(){
   8   1              LCD_Init();
   9   1              LCD_ShowString(1,1,"Temperature:");
  10   1              
  11   1              while(1){
  12   2                      DS18B20_ConvertT();
  13   2                      T = DS18B20_ReadT();
  14   2                      
  15   2                      if(T<0){
  16   3                              LCD_ShowChar(2,1,'-');
  17   3                              T = -T;
  18   3                      }else{
  19   3                              LCD_ShowChar(2,1,'+');
  20   3                      }
  21   2                      LCD_ShowNum(2,2,T,3);
  22   2                      LCD_ShowChar(2,5,'.');
  23   2                      LCD_ShowNum(2,6,(unsigned long)(T*10000)%10000,4);
  24   2              }
  25   1      }


MODULE INFORMATION:   STATIC OVERLAYABLE
   CODE SIZE        =    166    ----
   CONSTANT SIZE    =     13    ----
   XDATA SIZE       =   ----    ----
   PDATA SIZE       =   ----    ----
   DATA SIZE        =      4    ----
   IDATA SIZE       =   ----    ----
   BIT SIZE         =   ----    ----
END OF MODULE INFORMATION.


C51 COMPILATION COMPLETE.  0 WARNING(S),  0 ERROR(S)
