C51 COMPILER V9.01   MODE1A                                                                05/06/2019 22:54:03 PAGE 1   


C51 COMPILER V9.01, COMPILATION OF MODULE MODE1A
OBJECT MODULE PLACED IN mode1A.OBJ
COMPILER INVOKED BY: D:\Program Files (x86)\Labcenter Electronics\Keil\C51\BIN\C51.EXE mode1A.c BROWSE DEBUG OBJECTEXTEN
                    -D

line level    source

   1          #include"at89x52.h"
   2          void main()
   3          {
   4   1              unsigned char i;
   5   1              SCON=0x40;
   6   1              TMOD=0x20;
   7   1              TH1=0xE6;
   8   1              TL1=0xE6;
   9   1              TR1=1;
  10   1              P1=0xFF;
  11   1              while(1)
  12   1              {
  13   2              i=P1;
  14   2              SBUF=i;
  15   2              while(TI==0);                             //µÈ´ý·¢ËÍÍê±Ï
  16   2              TI=0;
  17   2      
  18   2              }
  19   1      
  20   1      }


MODULE INFORMATION:   STATIC OVERLAYABLE
   CODE SIZE        =     28    ----
   CONSTANT SIZE    =   ----    ----
   XDATA SIZE       =   ----    ----
   PDATA SIZE       =   ----    ----
   DATA SIZE        =   ----    ----
   IDATA SIZE       =   ----    ----
   BIT SIZE         =   ----    ----
END OF MODULE INFORMATION.


C51 COMPILATION COMPLETE.  0 WARNING(S),  0 ERROR(S)
