C51 COMPILER V9.01   MODE1B                                                                05/06/2019 23:01:01 PAGE 1   


C51 COMPILER V9.01, COMPILATION OF MODULE MODE1B
OBJECT MODULE PLACED IN mode1B.OBJ
COMPILER INVOKED BY: D:\Program Files (x86)\Labcenter Electronics\Keil\C51\BIN\C51.EXE mode1B.c BROWSE DEBUG OBJECTEXTEN
                    -D

line level    source

   1          #include"at89x52.h"
   2          void main()
   3          {
   4   1              //unsigned char i;
   5   1              SCON=0x50;
   6   1              TMOD=0x20;
   7   1              TH1=0xE6;
   8   1              TL1=0xE6;
   9   1              TR1=1;
  10   1              EA=1;
  11   1              ES=1;
  12   1              while(1)
  13   1              {
  14   2              ;
  15   2      
  16   2              }
  17   1      
  18   1      }
  19          void SportR() interrupt 4
  20          {
  21   1           if(RI){
  22   2               RI=0;
  23   2               P2=SBUF;
  24   2               }
  25   1      }


MODULE INFORMATION:   STATIC OVERLAYABLE
   CODE SIZE        =     29    ----
   CONSTANT SIZE    =   ----    ----
   XDATA SIZE       =   ----    ----
   PDATA SIZE       =   ----    ----
   DATA SIZE        =   ----    ----
   IDATA SIZE       =   ----    ----
   BIT SIZE         =   ----    ----
END OF MODULE INFORMATION.


C51 COMPILATION COMPLETE.  0 WARNING(S),  0 ERROR(S)
