C51 COMPILER V9.59.0.0   MAIN                                                              10/23/2022 19:30:46 PAGE 1   


C51 COMPILER V9.59.0.0, COMPILATION OF MODULE MAIN
OBJECT MODULE PLACED IN .\Objects\main.obj
COMPILER INVOKED BY: D:\Keil_v5\C51\BIN\C51.EXE main.c OPTIMIZE(8,SPEED) BROWSE DEBUG OBJECTEXTEND PRINT(.\Listings\main
                    -.lst) OBJECT(.\Objects\main.obj)

line level    source

   1          #include <REGX52.H>
   2          #include "LCD1602.h"
   3          #include "Delay.h"
   4          
   5          void main(){
   6   1              LCD_Init();
   7   1              //LCD_ShowChar(2,1,0x41);
   8   1              LCD_ShowString(1,1,"adas");
   9   1              LCD_ShowBinNum(2,1,0xA5,8);
  10   1              LCD_ShowString(1,16,"Welcome To China!");
  11   1              while(1){
  12   2                      Delay(1000);
  13   2                      LCD_WriteCommand(0x18);
  14   2                      Delay(500);
  15   2                      
  16   2              }
  17   1      }


MODULE INFORMATION:   STATIC OVERLAYABLE
   CODE SIZE        =     64    ----
   CONSTANT SIZE    =     23    ----
   XDATA SIZE       =   ----    ----
   PDATA SIZE       =   ----    ----
   DATA SIZE        =   ----    ----
   IDATA SIZE       =   ----    ----
   BIT SIZE         =   ----    ----
END OF MODULE INFORMATION.


C51 COMPILATION COMPLETE.  0 WARNING(S),  0 ERROR(S)
