C51 COMPILER V9.59.0.0   MAIN                                                              10/25/2022 15:06:59 PAGE 1   


C51 COMPILER V9.59.0.0, COMPILATION OF MODULE MAIN
OBJECT MODULE PLACED IN .\Objects\main.obj
COMPILER INVOKED BY: D:\Keil_v5\C51\BIN\C51.EXE main.c OPTIMIZE(8,SPEED) BROWSE DEBUG OBJECTEXTEND PRINT(.\Listings\main
                    -.lst) OBJECT(.\Objects\main.obj)

line level    source

   1          #include <REGX52.H>
   2          #include "Delay.h"
   3          #include <intrins.h>//进行移位操作的头文件
   4          
   5          
   6          void main(){
   7   1              //初始化外部中断0
   8   1              IT0 = 0;
   9   1              IE0 = 0;
  10   1              EX0 = 1;
  11   1              EA = 1;
  12   1              PX0 = 0;
  13   1              
  14   1              while(1){
  15   2                      P1=0xF0;
  16   2                      Delay(500);
  17   2                      P1=0x0F;
  18   2                      Delay(500);
  19   2              }
  20   1      }
  21          
  22          void Int0_Routine(void) interrupt 0
  23          {
  24   1              unsigned char Count0;
  25   1              for(Count0=0;Count0<8;Count0++)
  26   1              {
  27   2                      P1=_crol_(0xFE,Count0);
  28   2                      Delay(500);
  29   2                      
  30   2              }
  31   1      }


MODULE INFORMATION:   STATIC OVERLAYABLE
   CODE SIZE        =    126    ----
   CONSTANT SIZE    =   ----    ----
   XDATA SIZE       =   ----    ----
   PDATA SIZE       =   ----    ----
   DATA SIZE        =   ----       1
   IDATA SIZE       =   ----    ----
   BIT SIZE         =   ----    ----
END OF MODULE INFORMATION.


C51 COMPILATION COMPLETE.  0 WARNING(S),  0 ERROR(S)
