C51 COMPILER V9.59.0.0   MAIN                                                              10/03/2022 23:02:00 PAGE 1   


C51 COMPILER V9.59.0.0, COMPILATION OF MODULE MAIN
OBJECT MODULE PLACED IN .\Objects\main.obj
COMPILER INVOKED BY: D:\Keil_v5\C51\BIN\C51.EXE main.c OPTIMIZE(8,SPEED) BROWSE DEBUG OBJECTEXTEND PRINT(.\Listings\main
                    -.lst) OBJECT(.\Objects\main.obj)

line level    source

   1          #include <REGX52.H>
   2          #include "LCD1602.H"
   3          #include "Timer0.H"
   4          #include "Key.H"
   5          
   6          unsigned char sec,min,hou,keynum,flag;
   7          void main(){
   8   1              LCD_Init();
   9   1              Timer0_Init();
  10   1              
  11   1              LCD_ShowString(1,1,"Clock:");
  12   1              
  13   1              while(1){
  14   2                      
  15   2                      keynum =  Key();
  16   2                      if(keynum==1){
  17   3                              flag=1;
  18   3                              LCD_ShowString(1,13,"star");
  19   3                      }
  20   2                      if(keynum==2)sec=min=hou=0;
  21   2                      if(keynum==3){
  22   3                              flag=0;
  23   3                              LCD_ShowString(1,13,"stop");
  24   3                      }
  25   2                      if(keynum==4)break;
  26   2                      
  27   2                      
  28   2                      LCD_ShowNum(2,1,hou,2);
  29   2                      LCD_ShowString(2,3,":");
  30   2                      LCD_ShowNum(2,4,min,2);
  31   2                      LCD_ShowString(2,6,":");
  32   2                      LCD_ShowNum(2,7,sec,2);
  33   2                      
  34   2              }
  35   1      }
  36          
  37          void Timer0_Routine() interrupt 1
  38          {
  39   1              static unsigned int count0 = 0;
  40   1              TL0 = 0x18;             //设置定时初值
  41   1              TH0 = 0xFC;             //设置定时初值
  42   1              if(flag==1){
  43   2                      count0++;
  44   2                      if(count0 == 1000){
  45   3                              count0=0;
  46   3                              sec++;
  47   3                              if(sec==60){
  48   4                                      sec==0;
*** WARNING C275 IN LINE 48 OF main.c: expression with possibly no effect
  49   4                                      min++;
  50   4                              }
  51   3                              if(min==60){
  52   4                                      min=0;
  53   4                                      hou++;
C51 COMPILER V9.59.0.0   MAIN                                                              10/03/2022 23:02:00 PAGE 2   

  54   4                              }
  55   3                              if(hou==24)
  56   3                                      hou=0;
  57   3                      }
  58   2              }       
  59   1      }


MODULE INFORMATION:   STATIC OVERLAYABLE
   CODE SIZE        =    229    ----
   CONSTANT SIZE    =     19    ----
   XDATA SIZE       =   ----    ----
   PDATA SIZE       =   ----    ----
   DATA SIZE        =      7    ----
   IDATA SIZE       =   ----    ----
   BIT SIZE         =   ----    ----
END OF MODULE INFORMATION.


C51 COMPILATION COMPLETE.  1 WARNING(S),  0 ERROR(S)
