C51 COMPILER V9.59.0.0   MAIN                                                              10/11/2022 16:09:56 PAGE 1   


C51 COMPILER V9.59.0.0, COMPILATION OF MODULE MAIN
OBJECT MODULE PLACED IN .\Objects\main.obj
COMPILER INVOKED BY: D:\Keil_v5\C51\BIN\C51.EXE main.c OPTIMIZE(8,SPEED) BROWSE DEBUG OBJECTEXTEND PRINT(.\Listings\main
                    -.lst) OBJECT(.\Objects\main.obj)

line level    source

   1          #include <REGX52.H>
   2          #include "Delay.h"
   3          
   4          sbit RCK = P3^5;        //RCLK
   5          sbit SCK = P3^6;        //SRCLK
   6          sbit SER = P3^4;        //SER
   7          
   8          /**
   9            * @brief  74HC595写入一个字节
  10            * @param  要写入的字节
  11            * @retval 无
  12            */
  13          
  14          void _74HC595_WriteByte(unsigned char byet){
  15   1              
  16   1              unsigned char i;
  17   1              for(i=0;i<8;i++){
  18   2                      SER = byet&(0x80>>i);
  19   2                      SCK=1;
  20   2                      SCK=0;
  21   2              }
  22   1              RCK=1;
  23   1              RCK=0;
  24   1      }
  25          
  26          /**
  27            * @brief LED 点阵显示一列数据 
  28            * @param  Data 为列显示数据/column为显示的列
  29            * @retval 无
  30            */
  31          
  32          void LED(unsigned char Column,Data){
  33   1              _74HC595_WriteByte(Data);
  34   1              P0 = ~(0x80>>Column);
  35   1              Delay(1);
  36   1              P0=0xFF;
  37   1      }
  38          
  39          void main(){
  40   1              SCK=0;
  41   1              RCK=0;
  42   1              
  43   1              while(1){
  44   2                      LED(0,0x3C);
  45   2                      LED(1,0x42);
  46   2                      LED(2,0xA9);
  47   2                      LED(3,0x85);
  48   2                      LED(4,0x85);
  49   2                      LED(5,0xA9);
  50   2                      LED(6,0x42);
  51   2                      LED(7,0x3C); 
  52   2              }
  53   1      }
  54          
C51 COMPILER V9.59.0.0   MAIN                                                              10/11/2022 16:09:56 PAGE 2   



MODULE INFORMATION:   STATIC OVERLAYABLE
   CODE SIZE        =    166    ----
   CONSTANT SIZE    =   ----    ----
   XDATA SIZE       =   ----    ----
   PDATA SIZE       =   ----    ----
   DATA SIZE        =   ----    ----
   IDATA SIZE       =   ----    ----
   BIT SIZE         =   ----    ----
END OF MODULE INFORMATION.


C51 COMPILATION COMPLETE.  0 WARNING(S),  0 ERROR(S)
