C51 COMPILER V9.59.0.0   AT24C02                                                           10/18/2022 19:03:01 PAGE 1   


C51 COMPILER V9.59.0.0, COMPILATION OF MODULE AT24C02
OBJECT MODULE PLACED IN .\Objects\AT24C02.obj
COMPILER INVOKED BY: D:\Keil_v5\C51\BIN\C51.EXE AT24C02.c OPTIMIZE(8,SPEED) BROWSE DEBUG OBJECTEXTEND PRINT(.\Listings\A
                    -T24C02.lst) OBJECT(.\Objects\AT24C02.obj)

line level    source

   1          #include <REGX52.H>
   2          #include "I2C.h"
   3          
   4          #define AT24C02_ADDRESS 0xA0
   5          
   6          /**
   7            * @brief  AT24C02写入一个字节
   8            * @param  WordAddress字节地址，Data要写入的数据
   9            * @retval 
  10            */
  11          
  12          void AT24C02_WriteByte(unsigned char WordAddress,Data){
  13   1              I2C_Start();
  14   1              I2C_SendByte(AT24C02_ADDRESS);
  15   1              I2C_ReceiveAck();
  16   1              I2C_SendByte(WordAddress);
  17   1              I2C_ReceiveAck();
  18   1              I2C_SendByte(Data);
  19   1              I2C_ReceiveAck();
  20   1              I2C_Stop();
  21   1      }
  22          
  23          /**
  24            * @brief  AT24C02读取一个字节
  25            * @param  WordAddress字节地址
  26            * @retval 读出的数据
  27            */
  28          
  29          unsigned char AT24C02_ReadByte(unsigned char WordAddress){
  30   1              unsigned char Data;
  31   1              
  32   1              I2C_Start();
  33   1              I2C_SendByte(AT24C02_ADDRESS);
  34   1              I2C_ReceiveAck();
  35   1              I2C_SendByte(WordAddress);
  36   1              I2C_ReceiveAck();
  37   1              
  38   1              I2C_Start();
  39   1              I2C_SendByte(AT24C02_ADDRESS|0x01);
  40   1              I2C_ReceiveAck();
  41   1              Data=I2C_ReceiveByte();
  42   1              I2C_SendAck(1);
  43   1              I2C_Stop();
  44   1              
  45   1              return Data;
  46   1      }


MODULE INFORMATION:   STATIC OVERLAYABLE
   CODE SIZE        =     84    ----
   CONSTANT SIZE    =   ----    ----
   XDATA SIZE       =   ----    ----
   PDATA SIZE       =   ----    ----
   DATA SIZE        =   ----       5
C51 COMPILER V9.59.0.0   AT24C02                                                           10/18/2022 19:03:01 PAGE 2   

   IDATA SIZE       =   ----    ----
   BIT SIZE         =   ----    ----
END OF MODULE INFORMATION.


C51 COMPILATION COMPLETE.  0 WARNING(S),  0 ERROR(S)
