C51 COMPILER V9.59.0.0   I2C                                                               10/16/2022 20:23:54 PAGE 1   


C51 COMPILER V9.59.0.0, COMPILATION OF MODULE I2C
OBJECT MODULE PLACED IN .\Objects\I2C.obj
COMPILER INVOKED BY: D:\Keil_v5\C51\BIN\C51.EXE I2C.c OPTIMIZE(8,SPEED) BROWSE DEBUG OBJECTEXTEND PRINT(.\Listings\I2C.l
                    -st) OBJECT(.\Objects\I2C.obj)

line level    source

   1          #include <REGX52.H>
   2          
   3          sbit I2C_SCL = P2^1;
   4          sbit I2C_SDA = P2^0;
   5          
   6          
   7          /**
   8            * @brief  I2C开始
   9            * @param  
  10            * @retval 
  11            */
  12          void I2C_Start(){
  13   1              I2C_SDA = 1;
  14   1              I2C_SCL = 1;
  15   1              I2C_SDA = 0;
  16   1              I2C_SCL = 0;
  17   1      }
  18          
  19          /**
  20            * @brief  I2C结束
  21            * @param  
  22            * @retval 
  23            */
  24          void I2C_Stop(){
  25   1              I2C_SDA = 0;
  26   1              I2C_SCL = 1;
  27   1              I2C_SDA = 1;
  28   1      }
  29          /**
  30            * @brief  I2C发送一个字节
  31            * @param  Byte要发送的字节
  32            * @retval 
  33            */
  34          void  I2C_SendByte(unsigned char Byte){
  35   1              unsigned char i;
  36   1              for(i=0;i<8;i++){
  37   2                      I2C_SDA = Byte & (0x80>>i);
  38   2                      I2C_SCL = 1;
  39   2                      I2C_SCL = 0;
  40   2              }       
  41   1      }
  42          /**
  43            * @brief  I2C接收一个字节
  44            * @param  
  45            * @retval 
  46            */
  47          unsigned char I2C_ReceiveByte(){
  48   1              unsigned char i, Byte;
  49   1              I2C_SDA = 1;
  50   1              for(i=0;i<8;i++){
  51   2                      I2C_SCL = 1;
  52   2                      if(I2C_SDA){
  53   3                              Byte  = Byte|(0x80>>i);
  54   3                      }
C51 COMPILER V9.59.0.0   I2C                                                               10/16/2022 20:23:54 PAGE 2   

  55   2                      I2C_SCL = 0;
  56   2              }
  57   1              
  58   1              return Byte;
  59   1      }
  60          /**
  61            * @brief  I2C发送应答
  62            * @param  AckBit应答位 0为应答，1为非应答
  63            * @retval 
  64            */
  65          void I2C_SendAck(unsigned char AckBit){
  66   1              I2C_SDA = AckBit;
  67   1              I2C_SCL = 1;
  68   1              I2C_SCL = 0;
  69   1      }
  70          /**
  71            * @brief  I2C接受应答
  72            * @param  
  73            * @retval AckBit应答位 0为应答，1为非应答
  74            */
  75          unsigned char I2C_ReceiveAck(){
  76   1              unsigned char AckBit;
  77   1              I2C_SDA = 1;
  78   1              I2C_SCL = 1;
  79   1              AckBit = I2C_SDA;
  80   1              I2C_SCL = 0;
  81   1              return AckBit;
  82   1      }


MODULE INFORMATION:   STATIC OVERLAYABLE
   CODE SIZE        =    126    ----
   CONSTANT SIZE    =   ----    ----
   XDATA SIZE       =   ----    ----
   PDATA SIZE       =   ----    ----
   DATA SIZE        =   ----    ----
   IDATA SIZE       =   ----    ----
   BIT SIZE         =   ----    ----
END OF MODULE INFORMATION.


C51 COMPILATION COMPLETE.  0 WARNING(S),  0 ERROR(S)
