C51 COMPILER V9.59.0.0   MAIN                                                              10/18/2022 19:04:19 PAGE 1   


C51 COMPILER V9.59.0.0, COMPILATION OF MODULE MAIN
OBJECT MODULE PLACED IN .\Objects\main.obj
COMPILER INVOKED BY: D:\Keil_v5\C51\BIN\C51.EXE main.c OPTIMIZE(8,SPEED) BROWSE DEBUG OBJECTEXTEND PRINT(.\Listings\main
                    -.lst) OBJECT(.\Objects\main.obj)

line level    source

   1          #include <REGX52.H>
   2          #include "LCD1602.h"
   3          #include "Key.h"
   4          #include "AT24C02.h"
   5          #include "Delay.h"
   6          
   7          unsigned char KeyNum;
   8          unsigned int Num;
   9          
  10          void main(){
  11   1              
  12   1              LCD_Init();
  13   1              LCD_ShowNum(1,1,Num,5);
  14   1      
  15   1              while(1){
  16   2                      KeyNum = Key();
  17   2                      if(KeyNum==1){
  18   3                              Num++;
  19   3                              LCD_ShowNum(1,1,Num,5);
  20   3                      }
  21   2                      else if(KeyNum==2){
  22   3                              Num--;
  23   3                              LCD_ShowNum(1,1,Num,5);
  24   3                      }
  25   2                      else if(KeyNum==3){
  26   3                              AT24C02_WriteByte(0,Num%256);
  27   3                              Delay(5);
  28   3                              AT24C02_WriteByte(1,Num/256);
  29   3                              Delay(5);
  30   3                              LCD_ShowString(2,1,"Write OK");
  31   3                              Delay(1000);
  32   3                              LCD_ShowString(2,1,"        ");
  33   3                      }
  34   2                      else if(KeyNum==4){
  35   3                              Num = AT24C02_ReadByte(0);
  36   3                              Num |= AT24C02_ReadByte(1)<<8;
  37   3                              Delay(5);
  38   3                              LCD_ShowNum(1,1,Num,5);
  39   3                              LCD_ShowString(2,1,"Read  OK");
  40   3                              Delay(1000);
  41   3                              LCD_ShowString(2,1,"        ");
  42   3                      }
  43   2              }
  44   1      }


MODULE INFORMATION:   STATIC OVERLAYABLE
   CODE SIZE        =    216    ----
   CONSTANT SIZE    =     27    ----
   XDATA SIZE       =   ----    ----
   PDATA SIZE       =   ----    ----
   DATA SIZE        =      3    ----
   IDATA SIZE       =   ----    ----
   BIT SIZE         =   ----    ----
C51 COMPILER V9.59.0.0   MAIN                                                              10/18/2022 19:04:19 PAGE 2   

END OF MODULE INFORMATION.


C51 COMPILATION COMPLETE.  0 WARNING(S),  0 ERROR(S)
